<?xml version="1.0" encoding="UTF-8"?>
<testng-results ignored="0" total="1" passed="1" failed="0" skipped="0">
  <reporter-output>
  </reporter-output>
  <suite started-at="2023-02-10T12:53:20 IST" name="Default suite" finished-at="2023-02-10T12:53:44 IST" duration-ms="24021">
    <groups>
    </groups>
    <test started-at="2023-02-10T12:53:20 IST" name="Default test" finished-at="2023-02-10T12:53:44 IST" duration-ms="24021">
      <class name="PracticeSelenium.GoogleFlights">
        <test-method is-config="true" signature="SetUp()[pri:0, instance:PracticeSelenium.GoogleFlights@54a7079e]" started-at="2023-02-10T12:53:20 IST" name="SetUp" finished-at="2023-02-10T12:53:32 IST" duration-ms="12222" status="PASS">
          <reporter-output>
          </reporter-output>
        </test-method> <!-- SetUp -->
        <test-method signature="getFlightName()[pri:0, instance:PracticeSelenium.GoogleFlights@54a7079e]" started-at="2023-02-10T12:53:32 IST" name="getFlightName" finished-at="2023-02-10T12:53:44 IST" duration-ms="11405" status="PASS">
          <reporter-output>
          </reporter-output>
        </test-method> <!-- getFlightName -->
        <test-method is-config="true" signature="tearDown()[pri:0, instance:PracticeSelenium.GoogleFlights@54a7079e]" started-at="2023-02-10T12:53:44 IST" name="tearDown" finished-at="2023-02-10T12:53:44 IST" duration-ms="314" status="PASS">
          <reporter-output>
          </reporter-output>
        </test-method> <!-- tearDown -->
      </class> <!-- PracticeSelenium.GoogleFlights -->
    </test> <!-- Default test -->
  </suite> <!-- Default suite -->
</testng-results>
