<?xml version="1.0" encoding="UTF-8"?>
<testng-results ignored="0" total="1" passed="1" failed="0" skipped="0">
  <reporter-output>
  </reporter-output>
  <suite started-at="2023-02-08T15:29:30 IST" name="Default suite" finished-at="2023-02-08T15:30:00 IST" duration-ms="29986">
    <groups>
    </groups>
    <test started-at="2023-02-08T15:29:30 IST" name="Default test" finished-at="2023-02-08T15:30:00 IST" duration-ms="29986">
      <class name="SeleniumMethods.All_Selenium_Methods.Pet_Diseases">
        <test-method is-config="true" signature="SetUp()[pri:0, instance:SeleniumMethods.All_Selenium_Methods.Pet_Diseases@61001b64]" started-at="2023-02-08T15:29:30 IST" name="SetUp" finished-at="2023-02-08T15:29:40 IST" duration-ms="10165" status="PASS">
          <reporter-output>
          </reporter-output>
        </test-method> <!-- SetUp -->
        <test-method signature="petDiseasesMap()[pri:0, instance:SeleniumMethods.All_Selenium_Methods.Pet_Diseases@61001b64]" started-at="2023-02-08T15:29:40 IST" name="petDiseasesMap" finished-at="2023-02-08T15:29:58 IST" duration-ms="17341" status="PASS">
          <reporter-output>
          </reporter-output>
        </test-method> <!-- petDiseasesMap -->
        <test-method is-config="true" signature="tearDown()[pri:0, instance:SeleniumMethods.All_Selenium_Methods.Pet_Diseases@61001b64]" started-at="2023-02-08T15:29:58 IST" name="tearDown" finished-at="2023-02-08T15:30:00 IST" duration-ms="2373" status="PASS">
          <reporter-output>
          </reporter-output>
        </test-method> <!-- tearDown -->
      </class> <!-- SeleniumMethods.All_Selenium_Methods.Pet_Diseases -->
    </test> <!-- Default test -->
  </suite> <!-- Default suite -->
</testng-results>
